
Showing logs for build [32mcb-kubecd-environment-pr-170-12-lmkj5-1[0m stage [32mfrom-build-pack[0m and container [32mstep-credential-initializer-7qdvf[0m
{"level":"warn","ts":1583171026.8543456,"logger":"fallback-logger","caller":"logging/config.go:69","msg":"Fetch GitHub commit ID from kodata failed: \"ref: refs/heads/0.8.0-**-support-backwards-incompats\" is not a valid GitHub commit ID"}
{"level":"info","ts":1583171026.8551688,"logger":"fallback-logger","caller":"creds-init/main.go:40","msg":"Credentials initialized."}

Showing logs for build [32mcb-kubecd-environment-pr-170-12-lmkj5-1[0m stage [32mfrom-build-pack[0m and container [32mstep-working-dir-initializer-dh85v[0m
{"level":"warn","ts":1583171029.0315259,"logger":"fallback-logger","caller":"logging/config.go:69","msg":"Fetch GitHub commit ID from kodata failed: open /var/run/ko/HEAD: no such file or directory"}
{"level":"info","ts":1583171029.042346,"logger":"fallback-logger","caller":"bash/main.go:64","msg":"Successfully executed command \"sh -c mkdir -p /workspace/source\"; output "}

Showing logs for build [32mcb-kubecd-environment-pr-170-12-lmkj5-1[0m stage [32mfrom-build-pack[0m and container [32mstep-place-tools[0m

Showing logs for build [32mcb-kubecd-environment-pr-170-12-lmkj5-1[0m stage [32mfrom-build-pack[0m and container [32mstep-git-source-cb-kubecd-environment-pr-170-12-lmkj5-skb26[0m
{"level":"warn","ts":1583171035.6397133,"logger":"fallback-logger","caller":"logging/config.go:69","msg":"Fetch GitHub commit ID from kodata failed: \"ref: refs/heads/0.8.0-**-support-backwards-incompats\" is not a valid GitHub commit ID"}
{"level":"info","ts":1583171036.7249415,"logger":"fallback-logger","caller":"git/git.go:103","msg":"Successfully cloned https://github.com/cb-kubecd/environment-pr-170-125-boot-gke-staging.git @ master in path /workspace/source"}

Showing logs for build [32mcb-kubecd-environment-pr-170-12-lmkj5-1[0m stage [32mfrom-build-pack[0m and container [32mstep-git-merge[0m
Using SHAs from PULL_REFS=master:5f6b0b1f774ee0f18cb9e28d2a318a92b492e328,7:720473a84251440de7615e6e5cf9b2fe2833e4b7
DEBUG: LC_ALL=C JX_LOG_LEVEL=error git fetch origin --unshallow 720473a84251440de7615e6e5cf9b2fe2833e4b7: 5f6b0b1f774ee0f18cb9e28d2a318a92b492e328:
DEBUG: ran git fetch --unshallow origin 720473a84251440de7615e6e5cf9b2fe2833e4b7: 5f6b0b1f774ee0f18cb9e28d2a318a92b492e328: in 
DEBUG: LC_ALL=C JX_LOG_LEVEL=error git branch
DEBUG: LC_ALL=C JX_LOG_LEVEL=error git checkout master
DEBUG: ran git checkout master in 
DEBUG: LC_ALL=C JX_LOG_LEVEL=error git reset --hard 5f6b0b1f774ee0f18cb9e28d2a318a92b492e328
DEBUG: ran git reset --hard 5f6b0b1f774ee0f18cb9e28d2a318a92b492e328 in 
DEBUG: LC_ALL=C JX_LOG_LEVEL=error git clean -fd .
DEBUG: ran clean --force -d . in 
DEBUG: LC_ALL=C JX_LOG_LEVEL=error git merge 720473a84251440de7615e6e5cf9b2fe2833e4b7
DEBUG: ran git merge 720473a84251440de7615e6e5cf9b2fe2833e4b7 in 
DEBUG: LC_ALL=C JX_LOG_LEVEL=error git log --format=%H%x1f%an%x1f%ae%x1f%cn%x1f%ce%x1f%s%n%b%x1e 5f6b0b1f774ee0f18cb9e28d2a318a92b492e328..HEAD
Merged SHA 720473a84251440de7615e6e5cf9b2fe2833e4b7 with commit message 'chore: Promote bdd-ghf**y-import-1583169770 to version 0.0.1' into base branch master

Showing logs for build [32mcb-kubecd-environment-pr-170-12-lmkj5-1[0m stage [32mfrom-build-pack[0m and container [32mstep-build-helm-build[0m
WARNING: No $CHART_REPOSITORY defined so using the default value of: http://jenkins-x-chartmuseum:8080
Adding missing Helm repo: storage.googleapis.com https://storage.googleapis.com/chartmuseum.jenkins-x.io
WARNING: No secrets found on "helm/repos" due: reading the secret "helm/repos" from vault: no secret "helm/repos" not found in vault
Read credentials for https://storage.googleapis.com/chartmuseum.jenkins-x.io from vault helm/repos
Successfully added Helm repository storage.googleapis.com.
Adding missing Helm repo: jenkins-x-chartmuseum http://jenkins-x-chartmuseum:8080
WARNING: No secrets found on "helm/repos" due: reading the secret "helm/repos" from vault: no secret "helm/repos" not found in vault
Read credentials for http://jenkins-x-chartmuseum:8080 from vault helm/repos
Successfully added Helm repository jenkins-x-chartmuseum.
WARNING: No $CHART_REPOSITORY defined so using the default value of: http://jenkins-x-chartmuseum:8080
Adding missing Helm repo: chartmuseum.jenkins-x.io http://chartmuseum.jenkins-x.io
WARNING: No secrets found on "helm/repos" due: reading the secret "helm/repos" from vault: no secret "helm/repos" not found in vault
Read credentials for http://chartmuseum.jenkins-x.io from vault helm/repos
Successfully added Helm repository chartmuseum.jenkins-x.io.
